{"/Users/Tar/github/learning/react-native/12DeployingTesting/api.js": {"path":"/Users/Tar/github/learning/react-native/12DeployingTesting/api.js","statementMap":{"0":{"start":{"line":1,"column":23},"end":{"line":4,"column":2}},"1":{"start":{"line":1,"column":35},"end":{"line":4,"column":1}},"2":{"start":{"line":6,"column":26},"end":{"line":10,"column":1}},"3":{"start":{"line":7,"column":19},"end":{"line":7,"column":78}},"4":{"start":{"line":8,"column":20},"end":{"line":8,"column":41}},"5":{"start":{"line":9,"column":2},"end":{"line":9,"column":36}},"6":{"start":{"line":12,"column":21},"end":{"line":26,"column":1}},"7":{"start":{"line":13,"column":19},"end":{"line":17,"column":4}},"8":{"start":{"line":19,"column":2},"end":{"line":22,"column":3}},"9":{"start":{"line":20,"column":20},"end":{"line":20,"column":41}},"10":{"start":{"line":21,"column":4},"end":{"line":21,"column":16}},"11":{"start":{"line":24,"column":21},"end":{"line":24,"column":42}},"12":{"start":{"line":25,"column":2},"end":{"line":25,"column":29}}},"fnMap":{"0":{"name":"(anonymous_0)","decl":{"start":{"line":1,"column":23},"end":{"line":1,"column":24}},"loc":{"start":{"line":1,"column":35},"end":{"line":4,"column":1}},"line":1},"1":{"name":"(anonymous_1)","decl":{"start":{"line":6,"column":26},"end":{"line":6,"column":27}},"loc":{"start":{"line":6,"column":38},"end":{"line":10,"column":1}},"line":6},"2":{"name":"(anonymous_2)","decl":{"start":{"line":12,"column":21},"end":{"line":12,"column":22}},"loc":{"start":{"line":12,"column":51},"end":{"line":26,"column":1}},"line":12}},"branchMap":{"0":{"loc":{"start":{"line":19,"column":2},"end":{"line":22,"column":3}},"type":"if","locations":[{"start":{"line":19,"column":2},"end":{"line":22,"column":3}},{"start":{"line":19,"column":2},"end":{"line":22,"column":3}}],"line":19}},"s":{"0":2,"1":0,"2":2,"3":0,"4":0,"5":0,"6":2,"7":1,"8":0,"9":0,"10":0,"11":0,"12":0},"f":{"0":0,"1":0,"2":1},"b":{"0":[0,0]},"_coverageSchema":"1a1c01bbd47fc00a2c39e90264f33305004495a9","hash":"cc5e1efc84a5fcdc2c9cf3f38388262694234c44"}
,"/Users/Tar/github/learning/react-native/12DeployingTesting/components/MyButton.js": {"path":"/Users/Tar/github/learning/react-native/12DeployingTesting/components/MyButton.js","statementMap":{"0":{"start":{"line":5,"column":17},"end":{"line":5,"column":102}},"1":{"start":{"line":5,"column":26},"end":{"line":5,"column":102}},"2":{"start":{"line":7,"column":0},"end":{"line":9,"column":1}}},"fnMap":{"0":{"name":"(anonymous_0)","decl":{"start":{"line":5,"column":17},"end":{"line":5,"column":18}},"loc":{"start":{"line":5,"column":26},"end":{"line":5,"column":102}},"line":5},"1":{"name":"(anonymous_1)","decl":{"start":{"line":5,"column":58},"end":{"line":5,"column":59}},"loc":{"start":{"line":5,"column":64},"end":{"line":5,"column":66}},"line":5}},"branchMap":{"0":{"loc":{"start":{"line":5,"column":75},"end":{"line":5,"column":97}},"type":"binary-expr","locations":[{"start":{"line":5,"column":75},"end":{"line":5,"column":86}},{"start":{"line":5,"column":90},"end":{"line":5,"column":97}}],"line":5}},"s":{"0":1,"1":3,"2":1},"f":{"0":3,"1":0},"b":{"0":[3,1]},"_coverageSchema":"1a1c01bbd47fc00a2c39e90264f33305004495a9","hash":"9726ec1cc40013f943952311779ae38938b1b986"}
,"/Users/Tar/github/learning/react-native/12DeployingTesting/redux/actions.js": {"path":"/Users/Tar/github/learning/react-native/12DeployingTesting/redux/actions.js","statementMap":{"0":{"start":{"line":4,"column":30},"end":{"line":4,"column":46}},"1":{"start":{"line":5,"column":27},"end":{"line":5,"column":40}},"2":{"start":{"line":6,"column":27},"end":{"line":6,"column":40}},"3":{"start":{"line":7,"column":32},"end":{"line":7,"column":50}},"4":{"start":{"line":8,"column":31},"end":{"line":8,"column":48}},"5":{"start":{"line":11,"column":26},"end":{"line":14,"column":2}},"6":{"start":{"line":11,"column":37},"end":{"line":14,"column":1}},"7":{"start":{"line":16,"column":26},"end":{"line":19,"column":2}},"8":{"start":{"line":16,"column":41},"end":{"line":19,"column":1}},"9":{"start":{"line":22,"column":25},"end":{"line":34,"column":1}},"10":{"start":{"line":22,"column":66},"end":{"line":34,"column":1}},"11":{"start":{"line":27,"column":2},"end":{"line":27,"column":33}},"12":{"start":{"line":28,"column":2},"end":{"line":33,"column":3}},"13":{"start":{"line":29,"column":18},"end":{"line":29,"column":67}},"14":{"start":{"line":30,"column":4},"end":{"line":30,"column":56}},"15":{"start":{"line":32,"column":4},"end":{"line":32,"column":61}}},"fnMap":{"0":{"name":"(anonymous_0)","decl":{"start":{"line":11,"column":26},"end":{"line":11,"column":27}},"loc":{"start":{"line":11,"column":37},"end":{"line":14,"column":1}},"line":11},"1":{"name":"(anonymous_1)","decl":{"start":{"line":16,"column":26},"end":{"line":16,"column":27}},"loc":{"start":{"line":16,"column":41},"end":{"line":19,"column":1}},"line":16},"2":{"name":"(anonymous_2)","decl":{"start":{"line":22,"column":25},"end":{"line":22,"column":26}},"loc":{"start":{"line":22,"column":66},"end":{"line":34,"column":1}},"line":22},"3":{"name":"(anonymous_3)","decl":{"start":{"line":22,"column":66},"end":{"line":22,"column":67}},"loc":{"start":{"line":22,"column":84},"end":{"line":34,"column":1}},"line":22}},"branchMap":{"0":{"loc":{"start":{"line":22,"column":46},"end":{"line":22,"column":61}},"type":"default-arg","locations":[{"start":{"line":22,"column":56},"end":{"line":22,"column":61}}],"line":22}},"s":{"0":2,"1":2,"2":2,"3":2,"4":2,"5":2,"6":4,"7":2,"8":1,"9":2,"10":3,"11":3,"12":3,"13":3,"14":1,"15":2},"f":{"0":4,"1":1,"2":3,"3":3},"b":{"0":[1]},"_coverageSchema":"1a1c01bbd47fc00a2c39e90264f33305004495a9","hash":"038696df53db4cbe17c0c90bb7f5bd477903d57c"}
,"/Users/Tar/github/learning/react-native/12DeployingTesting/redux/reducer.js": {"path":"/Users/Tar/github/learning/react-native/12DeployingTesting/redux/reducer.js","statementMap":{"0":{"start":{"line":6,"column":14},"end":{"line":6,"column":59}},"1":{"start":{"line":6,"column":30},"end":{"line":6,"column":59}},"2":{"start":{"line":8,"column":23},"end":{"line":13,"column":1}},"3":{"start":{"line":9,"column":2},"end":{"line":9,"column":71}},"4":{"start":{"line":9,"column":38},"end":{"line":9,"column":71}},"5":{"start":{"line":10,"column":2},"end":{"line":11,"column":3}},"6":{"start":{"line":12,"column":2},"end":{"line":12,"column":14}},"7":{"start":{"line":15,"column":20},"end":{"line":27,"column":1}},"8":{"start":{"line":16,"column":2},"end":{"line":26,"column":3}},"9":{"start":{"line":18,"column":6},"end":{"line":18,"column":41}},"10":{"start":{"line":22,"column":6},"end":{"line":22,"column":52}},"11":{"start":{"line":24,"column":6},"end":{"line":24,"column":55}},"12":{"start":{"line":25,"column":13},"end":{"line":25,"column":25}}},"fnMap":{"0":{"name":"(anonymous_0)","decl":{"start":{"line":6,"column":14},"end":{"line":6,"column":15}},"loc":{"start":{"line":6,"column":30},"end":{"line":6,"column":59}},"line":6},"1":{"name":"(anonymous_1)","decl":{"start":{"line":8,"column":23},"end":{"line":8,"column":24}},"loc":{"start":{"line":8,"column":47},"end":{"line":13,"column":1}},"line":8},"2":{"name":"(anonymous_2)","decl":{"start":{"line":15,"column":20},"end":{"line":15,"column":21}},"loc":{"start":{"line":15,"column":44},"end":{"line":27,"column":1}},"line":15}},"branchMap":{"0":{"loc":{"start":{"line":8,"column":24},"end":{"line":8,"column":34}},"type":"default-arg","locations":[{"start":{"line":8,"column":32},"end":{"line":8,"column":34}}],"line":8},"1":{"loc":{"start":{"line":9,"column":2},"end":{"line":9,"column":71}},"type":"if","locations":[{"start":{"line":9,"column":2},"end":{"line":9,"column":71}},{"start":{"line":9,"column":2},"end":{"line":9,"column":71}}],"line":9},"2":{"loc":{"start":{"line":10,"column":2},"end":{"line":11,"column":3}},"type":"if","locations":[{"start":{"line":10,"column":2},"end":{"line":11,"column":3}},{"start":{"line":10,"column":2},"end":{"line":11,"column":3}}],"line":10},"3":{"loc":{"start":{"line":15,"column":21},"end":{"line":15,"column":31}},"type":"default-arg","locations":[{"start":{"line":15,"column":29},"end":{"line":15,"column":31}}],"line":15},"4":{"loc":{"start":{"line":16,"column":2},"end":{"line":26,"column":3}},"type":"switch","locations":[{"start":{"line":17,"column":4},"end":{"line":18,"column":41}},{"start":{"line":21,"column":4},"end":{"line":22,"column":52}},{"start":{"line":23,"column":4},"end":{"line":24,"column":55}},{"start":{"line":25,"column":4},"end":{"line":25,"column":25}}],"line":16}},"s":{"0":1,"1":1,"2":1,"3":4,"4":1,"5":3,"6":3,"7":1,"8":4,"9":1,"10":0,"11":0,"12":3},"f":{"0":1,"1":4,"2":4},"b":{"0":[2],"1":[1,3],"2":[0,3],"3":[2],"4":[1,0,0,3]},"_coverageSchema":"1a1c01bbd47fc00a2c39e90264f33305004495a9","hash":"5ad6271e0eb058a1badfe612175c25e66796e0a9"}
,"/Users/Tar/github/learning/react-native/12DeployingTesting/testing/sum.js": {"path":"/Users/Tar/github/learning/react-native/12DeployingTesting/testing/sum.js","statementMap":{"0":{"start":{"line":2,"column":2},"end":{"line":2,"column":14}},"1":{"start":{"line":5,"column":0},"end":{"line":5,"column":20}}},"fnMap":{"0":{"name":"sum","decl":{"start":{"line":1,"column":9},"end":{"line":1,"column":12}},"loc":{"start":{"line":1,"column":17},"end":{"line":3,"column":1}},"line":1}},"branchMap":{},"s":{"0":5,"1":1},"f":{"0":5},"b":{},"_coverageSchema":"1a1c01bbd47fc00a2c39e90264f33305004495a9","hash":"73e3eabaaea98a778cdcebe9fa68b9ad7242b630"}
}
