TN:
SF:api.js
FN:1,(anonymous_0)
FN:6,(anonymous_1)
FN:12,(anonymous_2)
FNF:3
FNH:1
FNDA:0,(anonymous_0)
FNDA:0,(anonymous_1)
FNDA:1,(anonymous_2)
DA:1,2
DA:6,2
DA:7,0
DA:8,0
DA:9,0
DA:12,2
DA:13,1
DA:19,0
DA:20,0
DA:21,0
DA:24,0
DA:25,0
LF:12
LH:4
BRDA:19,0,0,0
BRDA:19,0,1,0
BRF:2
BRH:0
end_of_record
TN:
SF:components/MyButton.js
FN:5,(anonymous_0)
FN:5,(anonymous_1)
FNF:2
FNH:1
FNDA:3,(anonymous_0)
FNDA:0,(anonymous_1)
DA:5,3
DA:7,1
LF:2
LH:2
BRDA:5,0,0,3
BRDA:5,0,1,1
BRF:2
BRH:2
end_of_record
TN:
SF:redux/actions.js
FN:11,(anonymous_0)
FN:16,(anonymous_1)
FN:22,(anonymous_2)
FN:22,(anonymous_3)
FNF:4
FNH:4
FNDA:4,(anonymous_0)
FNDA:1,(anonymous_1)
FNDA:3,(anonymous_2)
FNDA:3,(anonymous_3)
DA:4,2
DA:5,2
DA:6,2
DA:7,2
DA:8,2
DA:11,4
DA:16,2
DA:22,3
DA:27,3
DA:28,3
DA:29,3
DA:30,1
DA:32,2
LF:13
LH:13
BRDA:22,0,0,1
BRF:1
BRH:1
end_of_record
TN:
SF:redux/reducer.js
FN:6,(anonymous_0)
FN:8,(anonymous_1)
FN:15,(anonymous_2)
FNF:3
FNH:3
FNDA:1,(anonymous_0)
FNDA:4,(anonymous_1)
FNDA:4,(anonymous_2)
DA:6,1
DA:8,1
DA:9,4
DA:10,3
DA:12,3
DA:15,1
DA:16,4
DA:18,1
DA:22,0
DA:24,0
DA:25,3
LF:11
LH:9
BRDA:8,0,0,2
BRDA:9,1,0,1
BRDA:9,1,1,3
BRDA:10,2,0,0
BRDA:10,2,1,3
BRDA:15,3,0,2
BRDA:16,4,0,1
BRDA:16,4,1,0
BRDA:16,4,2,0
BRDA:16,4,3,3
BRF:10
BRH:7
end_of_record
TN:
SF:testing/sum.js
FN:1,sum
FNF:1
FNH:1
FNDA:5,sum
DA:2,5
DA:5,1
LF:2
LH:2
BRF:0
BRH:0
end_of_record
